# JRE version: OpenJDK Runtime Environment Temurin-17.0.11+9 (17.0.11+9) (build 17.0.11+9)
# Java VM: OpenJDK 64-Bit Server VM Temurin-17.0.11+9 (17.0.11+9, mixed mode, emulated-client, tiered, compressed oops, compressed class ptrs, g1 gc, windows-amd64)
GC Precious Log:
 CPUs: 4 total, 4 available
 Memory: 8039M
 Large Page Support: Disabled
 NUMA Support: Disabled
 Compressed Oops: Enabled (32-bit)
 Heap Region Size: 1M
 Heap Min Capacity: 8M
 Heap Initial Capacity: 126M
 Heap Max Capacity: 1G
 Pre-touch: Disabled
 Parallel Workers: 4
 Concurrent Workers: 1
 Concurrent Refinement Workers: 4
 Periodic GC: Disabled
Heap:
 garbage-first heap   total 75776K, used 25222K [0x00000000c0000000, 0x0000000100000000)
  region size 1024K, 1 young (1024K), 0 survivors (0K)
 Metaspace       used 40974K, committed 41600K, reserved 1114112K
  class space    used 5234K, committed 5504K, reserved 1048576K
GC Heap History (20 events):
Event: 792.452 GC heap before
{Heap before GC invocations=80 (full 70):
 garbage-first heap   total 75776K, used 25222K [0x00000000c0000000, 0x0000000100000000)
  region size 1024K, 1 young (1024K), 0 survivors (0K)
 Metaspace       used 40974K, committed 41600K, reserved 1114112K
  class space    used 5234K, committed 5504K, reserved 1048576K
}
Event: 792.482 GC heap after
{Heap after GC invocations=81 (full 71):
 garbage-first heap   total 75776K, used 25222K [0x00000000c0000000, 0x0000000100000000)
  region size 1024K, 0 young (0K), 0 survivors (0K)
 Metaspace       used 40974K, committed 41600K, reserved 1114112K
  class space    used 5234K, committed 5504K, reserved 1048576K
}
Event: 802.716 GC heap before
{Heap before GC invocations=81 (full 71):
 garbage-first heap   total 75776K, used 25222K [0x00000000c0000000, 0x0000000100000000)
  region size 1024K, 1 young (1024K), 0 survivors (0K)
 Metaspace       used 40974K, committed 41600K, reserved 1114112K
  class space    used 5234K, committed 5504K, reserved 1048576K
}
Event: 802.747 GC heap after
{Heap after GC invocations=82 (full 72):
 garbage-first heap   total 75776K, used 25222K [0x00000000c0000000, 0x0000000100000000)
  region size 1024K, 0 young (0K), 0 survivors (0K)
 Metaspace       used 40974K, committed 41600K, reserved 1114112K
  class space    used 5234K, committed 5504K, reserved 1048576K
}
Event: 812.993 GC heap before
{Heap before GC invocations=82 (full 72):
 garbage-first heap   total 75776K, used 25222K [0x00000000c0000000, 0x0000000100000000)
  region size 1024K, 1 young (1024K), 0 survivors (0K)
 Metaspace       used 40974K, committed 41600K, reserved 1114112K
  class space    used 5234K, committed 5504K, reserved 1048576K
}
Event: 813.023 GC heap after
{Heap after GC invocations=83 (full 73):
 garbage-first heap   total 75776K, used 25222K [0x00000000c0000000, 0x0000000100000000)
  region size 1024K, 0 young (0K), 0 survivors (0K)
 Metaspace       used 40974K, committed 41600K, reserved 1114112K
  class space    used 5234K, committed 5504K, reserved 1048576K
}
Event: 823.226 GC heap before
{Heap before GC invocations=83 (full 73):
 garbage-first heap   total 75776K, used 25222K [0x00000000c0000000, 0x0000000100000000)
  region size 1024K, 1 young (1024K), 0 survivors (0K)
 Metaspace       used 40974K, committed 41600K, reserved 1114112K
  class space    used 5234K, committed 5504K, reserved 1048576K
}
Event: 823.258 GC heap after
{Heap after GC invocations=84 (full 74):
 garbage-first heap   total 75776K, used 25222K [0x00000000c0000000, 0x0000000100000000)
  region size 1024K, 0 young (0K), 0 survivors (0K)
 Metaspace       used 40974K, committed 41600K, reserved 1114112K
  class space    used 5234K, committed 5504K, reserved 1048576K
}
Event: 833.406 GC heap before
{Heap before GC invocations=84 (full 74):
 garbage-first heap   total 75776K, used 25222K [0x00000000c0000000, 0x0000000100000000)
  region size 1024K, 1 young (1024K), 0 survivors (0K)
 Metaspace       used 40974K, committed 41600K, reserved 1114112K
  class space    used 5234K, committed 5504K, reserved 1048576K
}
Event: 833.432 GC heap after
{Heap after GC invocations=85 (full 75):
 garbage-first heap   total 75776K, used 25222K [0x00000000c0000000, 0x0000000100000000)
  region size 1024K, 0 young (0K), 0 survivors (0K)
 Metaspace       used 40974K, committed 41600K, reserved 1114112K
  class space    used 5234K, committed 5504K, reserved 1048576K
}
Event: 843.614 GC heap before
{Heap before GC invocations=85 (full 75):
 garbage-first heap   total 75776K, used 25222K [0x00000000c0000000, 0x0000000100000000)
  region size 1024K, 1 young (1024K), 0 survivors (0K)
 Metaspace       used 40974K, committed 41600K, reserved 1114112K
  class space    used 5234K, committed 5504K, reserved 1048576K
}
Event: 843.649 GC heap after
{Heap after GC invocations=86 (full 76):
 garbage-first heap   total 75776K, used 25222K [0x00000000c0000000, 0x0000000100000000)
  region size 1024K, 0 young (0K), 0 survivors (0K)
 Metaspace       used 40974K, committed 41600K, reserved 1114112K
  class space    used 5234K, committed 5504K, reserved 1048576K
}
Event: 854.108 GC heap before
{Heap before GC invocations=86 (full 76):
 garbage-first heap   total 75776K, used 25222K [0x00000000c0000000, 0x0000000100000000)
  region size 1024K, 1 young (1024K), 0 survivors (0K)
 Metaspace       used 40974K, committed 41600K, reserved 1114112K
  class space    used 5234K, committed 5504K, reserved 1048576K
}
Event: 854.140 GC heap after
{Heap after GC invocations=87 (full 77):
 garbage-first heap   total 75776K, used 25222K [0x00000000c0000000, 0x0000000100000000)
  region size 1024K, 0 young (0K), 0 survivors (0K)
 Metaspace       used 40974K, committed 41600K, reserved 1114112K
  class space    used 5234K, committed 5504K, reserved 1048576K
}
Event: 864.307 GC heap before
{Heap before GC invocations=87 (full 77):
 garbage-first heap   total 75776K, used 25222K [0x00000000c0000000, 0x0000000100000000)
  region size 1024K, 1 young (1024K), 0 survivors (0K)
 Metaspace       used 40974K, committed 41600K, reserved 1114112K
  class space    used 5234K, committed 5504K, reserved 1048576K
}
Event: 864.333 GC heap after
{Heap after GC invocations=88 (full 78):
 garbage-first heap   total 75776K, used 25222K [0x00000000c0000000, 0x0000000100000000)
  region size 1024K, 0 young (0K), 0 survivors (0K)
 Metaspace       used 40974K, committed 41600K, reserved 1114112K
  class space    used 5234K, committed 5504K, reserved 1048576K
}
Event: 874.493 GC heap before
{Heap before GC invocations=88 (full 78):
 garbage-first heap   total 75776K, used 25222K [0x00000000c0000000, 0x0000000100000000)
  region size 1024K, 1 young (1024K), 0 survivors (0K)
 Metaspace       used 40974K, committed 41600K, reserved 1114112K
  class space    used 5234K, committed 5504K, reserved 1048576K
}
Event: 874.520 GC heap after
{Heap after GC invocations=89 (full 79):
 garbage-first heap   total 75776K, used 25222K [0x00000000c0000000, 0x0000000100000000)
  region size 1024K, 0 young (0K), 0 survivors (0K)
 Metaspace       used 40974K, committed 41600K, reserved 1114112K
  class space    used 5234K, committed 5504K, reserved 1048576K
}
Event: 885.067 GC heap before
{Heap before GC invocations=89 (full 79):
 garbage-first heap   total 75776K, used 25222K [0x00000000c0000000, 0x0000000100000000)
  region size 1024K, 1 young (1024K), 0 survivors (0K)
 Metaspace       used 40974K, committed 41600K, reserved 1114112K
  class space    used 5234K, committed 5504K, reserved 1048576K
}
Event: 885.096 GC heap after
{Heap after GC invocations=90 (full 80):
 garbage-first heap   total 75776K, used 25222K [0x00000000c0000000, 0x0000000100000000)
  region size 1024K, 0 young (0K), 0 survivors (0K)
 Metaspace       used 40974K, committed 41600K, reserved 1114112K
  class space    used 5234K, committed 5504K, reserved 1048576K
}

