# JRE version: OpenJDK Runtime Environment Temurin-17.0.11+9 (17.0.11+9) (build 17.0.11+9)
# Java VM: OpenJDK 64-Bit Server VM Temurin-17.0.11+9 (17.0.11+9, mixed mode, tiered, compressed oops, compressed class ptrs, parallel gc, windows-amd64)
GC Precious Log:
 CPUs: 4 total, 4 available
 Memory: 8039M
 Large Page Support: Disabled
 NUMA Support: Disabled
 Compressed Oops: Enabled (32-bit)
 Alignments: Space 512K, Generation 512K, Heap 2M
 Heap Min Capacity: 100M
 Heap Initial Capacity: 100M
 Heap Max Capacity: 1G
 Pre-touch: Disabled
 Parallel Workers: 4
Heap:
 PSYoungGen      total 15872K, used 15503K [0x00000000eab00000, 0x00000000ebd00000, 0x0000000100000000)
  eden space 14336K, 99% used [0x00000000eab00000,0x00000000eb8e0ed8,0x00000000eb900000)
  from space 1536K, 84% used [0x00000000ebb80000,0x00000000ebcc2f30,0x00000000ebd00000)
  to   space 1536K, 0% used [0x00000000eba00000,0x00000000eba00000,0x00000000ebb80000)
 ParOldGen       total 153600K, used 149965K [0x00000000c0000000, 0x00000000c9600000, 0x00000000eab00000)
  object space 153600K, 97% used [0x00000000c0000000,0x00000000c9273750,0x00000000c9600000)
 Metaspace       used 78677K, committed 80000K, reserved 1179648K
  class space    used 8112K, committed 8704K, reserved 1048576K
GC Heap History (20 events):
Event: 44.021 GC heap before
{Heap before GC invocations=95 (full 6):
 PSYoungGen      total 15360K, used 14943K [0x00000000eab00000, 0x00000000ebb00000, 0x0000000100000000)
  eden space 14336K, 100% used [0x00000000eab00000,0x00000000eb900000,0x00000000eb900000)
  from space 1024K, 59% used [0x00000000eb980000,0x00000000eba17d18,0x00000000eba80000)
  to   space 512K, 0% used [0x00000000eba80000,0x00000000eba80000,0x00000000ebb00000)
 ParOldGen       total 120320K, used 100635K [0x00000000c0000000, 0x00000000c7580000, 0x00000000eab00000)
  object space 120320K, 83% used [0x00000000c0000000,0x00000000c6246d80,0x00000000c7580000)
 Metaspace       used 78627K, committed 79936K, reserved 1179648K
  class space    used 8109K, committed 8704K, reserved 1048576K
}
Event: 44.023 GC heap after
{Heap after GC invocations=95 (full 6):
 PSYoungGen      total 14848K, used 494K [0x00000000eab00000, 0x00000000ebc00000, 0x0000000100000000)
  eden space 14336K, 0% used [0x00000000eab00000,0x00000000eab00000,0x00000000eb900000)
  from space 512K, 96% used [0x00000000eba80000,0x00000000ebafb8a0,0x00000000ebb00000)
  to   space 1536K, 0% used [0x00000000eb900000,0x00000000eb900000,0x00000000eba80000)
 ParOldGen       total 120320K, used 101128K [0x00000000c0000000, 0x00000000c7580000, 0x00000000eab00000)
  object space 120320K, 84% used [0x00000000c0000000,0x00000000c62c20e0,0x00000000c7580000)
 Metaspace       used 78627K, committed 79936K, reserved 1179648K
  class space    used 8109K, committed 8704K, reserved 1048576K
}
Event: 44.132 GC heap before
{Heap before GC invocations=96 (full 6):
 PSYoungGen      total 14848K, used 14830K [0x00000000eab00000, 0x00000000ebc00000, 0x0000000100000000)
  eden space 14336K, 100% used [0x00000000eab00000,0x00000000eb900000,0x00000000eb900000)
  from space 512K, 96% used [0x00000000eba80000,0x00000000ebafb8a0,0x00000000ebb00000)
  to   space 1536K, 0% used [0x00000000eb900000,0x00000000eb900000,0x00000000eba80000)
 ParOldGen       total 120320K, used 101128K [0x00000000c0000000, 0x00000000c7580000, 0x00000000eab00000)
  object space 120320K, 84% used [0x00000000c0000000,0x00000000c62c20e0,0x00000000c7580000)
 Metaspace       used 78644K, committed 80000K, reserved 1179648K
  class space    used 8109K, committed 8704K, reserved 1048576K
}
Event: 44.134 GC heap after
{Heap after GC invocations=96 (full 6):
 PSYoungGen      total 15360K, used 651K [0x00000000eab00000, 0x00000000ebb00000, 0x0000000100000000)
  eden space 14336K, 0% used [0x00000000eab00000,0x00000000eab00000,0x00000000eb900000)
  from space 1024K, 63% used [0x00000000eb900000,0x00000000eb9a2e48,0x00000000eba00000)
  to   space 1024K, 0% used [0x00000000eba00000,0x00000000eba00000,0x00000000ebb00000)
 ParOldGen       total 120320K, used 104294K [0x00000000c0000000, 0x00000000c7580000, 0x00000000eab00000)
  object space 120320K, 86% used [0x00000000c0000000,0x00000000c65d99c8,0x00000000c7580000)
 Metaspace       used 78644K, committed 80000K, reserved 1179648K
  class space    used 8109K, committed 8704K, reserved 1048576K
}
Event: 44.153 GC heap before
{Heap before GC invocations=97 (full 6):
 PSYoungGen      total 15360K, used 14987K [0x00000000eab00000, 0x00000000ebb00000, 0x0000000100000000)
  eden space 14336K, 100% used [0x00000000eab00000,0x00000000eb900000,0x00000000eb900000)
  from space 1024K, 63% used [0x00000000eb900000,0x00000000eb9a2e48,0x00000000eba00000)
  to   space 1024K, 0% used [0x00000000eba00000,0x00000000eba00000,0x00000000ebb00000)
 ParOldGen       total 120320K, used 104294K [0x00000000c0000000, 0x00000000c7580000, 0x00000000eab00000)
  object space 120320K, 86% used [0x00000000c0000000,0x00000000c65d99c8,0x00000000c7580000)
 Metaspace       used 78652K, committed 80000K, reserved 1179648K
  class space    used 8110K, committed 8704K, reserved 1048576K
}
Event: 44.157 GC heap after
{Heap after GC invocations=97 (full 6):
 PSYoungGen      total 15360K, used 843K [0x00000000eab00000, 0x00000000ebb00000, 0x0000000100000000)
  eden space 14336K, 0% used [0x00000000eab00000,0x00000000eab00000,0x00000000eb900000)
  from space 1024K, 82% used [0x00000000eba00000,0x00000000ebad2e48,0x00000000ebb00000)
  to   space 1024K, 0% used [0x00000000eb900000,0x00000000eb900000,0x00000000eba00000)
 ParOldGen       total 120320K, used 106573K [0x00000000c0000000, 0x00000000c7580000, 0x00000000eab00000)
  object space 120320K, 88% used [0x00000000c0000000,0x00000000c6813758,0x00000000c7580000)
 Metaspace       used 78652K, committed 80000K, reserved 1179648K
  class space    used 8110K, committed 8704K, reserved 1048576K
}
Event: 44.173 GC heap before
{Heap before GC invocations=98 (full 6):
 PSYoungGen      total 15360K, used 15179K [0x00000000eab00000, 0x00000000ebb00000, 0x0000000100000000)
  eden space 14336K, 100% used [0x00000000eab00000,0x00000000eb900000,0x00000000eb900000)
  from space 1024K, 82% used [0x00000000eba00000,0x00000000ebad2e48,0x00000000ebb00000)
  to   space 1024K, 0% used [0x00000000eb900000,0x00000000eb900000,0x00000000eba00000)
 ParOldGen       total 120320K, used 106575K [0x00000000c0000000, 0x00000000c7580000, 0x00000000eab00000)
  object space 120320K, 88% used [0x00000000c0000000,0x00000000c6813fb8,0x00000000c7580000)
 Metaspace       used 78652K, committed 80000K, reserved 1179648K
  class space    used 8110K, committed 8704K, reserved 1048576K
}
Event: 44.178 GC heap after
{Heap after GC invocations=98 (full 6):
 PSYoungGen      total 15360K, used 312K [0x00000000eab00000, 0x00000000eba80000, 0x0000000100000000)
  eden space 14336K, 0% used [0x00000000eab00000,0x00000000eab00000,0x00000000eb900000)
  from space 1024K, 30% used [0x00000000eb900000,0x00000000eb94e318,0x00000000eba00000)
  to   space 512K, 0% used [0x00000000eba00000,0x00000000eba00000,0x00000000eba80000)
 ParOldGen       total 120320K, used 111025K [0x00000000c0000000, 0x00000000c7580000, 0x00000000eab00000)
  object space 120320K, 92% used [0x00000000c0000000,0x00000000c6c6c600,0x00000000c7580000)
 Metaspace       used 78652K, committed 80000K, reserved 1179648K
  class space    used 8110K, committed 8704K, reserved 1048576K
}
Event: 44.207 GC heap before
{Heap before GC invocations=99 (full 6):
 PSYoungGen      total 15360K, used 14648K [0x00000000eab00000, 0x00000000eba80000, 0x0000000100000000)
  eden space 14336K, 100% used [0x00000000eab00000,0x00000000eb900000,0x00000000eb900000)
  from space 1024K, 30% used [0x00000000eb900000,0x00000000eb94e318,0x00000000eba00000)
  to   space 512K, 0% used [0x00000000eba00000,0x00000000eba00000,0x00000000eba80000)
 ParOldGen       total 120320K, used 111025K [0x00000000c0000000, 0x00000000c7580000, 0x00000000eab00000)
  object space 120320K, 92% used [0x00000000c0000000,0x00000000c6c6c600,0x00000000c7580000)
 Metaspace       used 78652K, committed 80000K, reserved 1179648K
  class space    used 8110K, committed 8704K, reserved 1048576K
}
Event: 44.217 GC heap after
{Heap after GC invocations=99 (full 6):
 PSYoungGen      total 14848K, used 224K [0x00000000eab00000, 0x00000000eba80000, 0x0000000100000000)
  eden space 14336K, 0% used [0x00000000eab00000,0x00000000eab00000,0x00000000eb900000)
  from space 512K, 43% used [0x00000000eba00000,0x00000000eba38000,0x00000000eba80000)
  to   space 512K, 0% used [0x00000000eb980000,0x00000000eb980000,0x00000000eba00000)
 ParOldGen       total 120320K, used 118924K [0x00000000c0000000, 0x00000000c7580000, 0x00000000eab00000)
  object space 120320K, 98% used [0x00000000c0000000,0x00000000c7423170,0x00000000c7580000)
 Metaspace       used 78652K, committed 80000K, reserved 1179648K
  class space    used 8110K, committed 8704K, reserved 1048576K
}
Event: 44.217 GC heap before
{Heap before GC invocations=100 (full 7):
 PSYoungGen      total 14848K, used 224K [0x00000000eab00000, 0x00000000eba80000, 0x0000000100000000)
  eden space 14336K, 0% used [0x00000000eab00000,0x00000000eab00000,0x00000000eb900000)
  from space 512K, 43% used [0x00000000eba00000,0x00000000eba38000,0x00000000eba80000)
  to   space 512K, 0% used [0x00000000eb980000,0x00000000eb980000,0x00000000eba00000)
 ParOldGen       total 120320K, used 118924K [0x00000000c0000000, 0x00000000c7580000, 0x00000000eab00000)
  object space 120320K, 98% used [0x00000000c0000000,0x00000000c7423170,0x00000000c7580000)
 Metaspace       used 78652K, committed 80000K, reserved 1179648K
  class space    used 8110K, committed 8704K, reserved 1048576K
}
Event: 44.348 GC heap after
{Heap after GC invocations=100 (full 7):
 PSYoungGen      total 14848K, used 0K [0x00000000eab00000, 0x00000000eba80000, 0x0000000100000000)
  eden space 14336K, 0% used [0x00000000eab00000,0x00000000eab00000,0x00000000eb900000)
  from space 512K, 0% used [0x00000000eb980000,0x00000000eb980000,0x00000000eba00000)
  to   space 512K, 0% used [0x00000000eba00000,0x00000000eba00000,0x00000000eba80000)
 ParOldGen       total 142336K, used 110128K [0x00000000c0000000, 0x00000000c8b00000, 0x00000000eab00000)
  object space 142336K, 77% used [0x00000000c0000000,0x00000000c6b8c120,0x00000000c8b00000)
 Metaspace       used 78652K, committed 80000K, reserved 1179648K
  class space    used 8110K, committed 8704K, reserved 1048576K
}
Event: 44.386 GC heap before
{Heap before GC invocations=101 (full 7):
 PSYoungGen      total 14848K, used 14336K [0x00000000eab00000, 0x00000000eba80000, 0x0000000100000000)
  eden space 14336K, 100% used [0x00000000eab00000,0x00000000eb900000,0x00000000eb900000)
  from space 512K, 0% used [0x00000000eb980000,0x00000000eb980000,0x00000000eba00000)
  to   space 512K, 0% used [0x00000000eba00000,0x00000000eba00000,0x00000000eba80000)
 ParOldGen       total 142336K, used 125448K [0x00000000c0000000, 0x00000000c8b00000, 0x00000000eab00000)
  object space 142336K, 88% used [0x00000000c0000000,0x00000000c7a82160,0x00000000c8b00000)
 Metaspace       used 78657K, committed 80000K, reserved 1179648K
  class space    used 8110K, committed 8704K, reserved 1048576K
}
Event: 44.387 GC heap after
{Heap after GC invocations=101 (full 7):
 PSYoungGen      total 14848K, used 354K [0x00000000eab00000, 0x00000000eba80000, 0x0000000100000000)
  eden space 14336K, 0% used [0x00000000eab00000,0x00000000eab00000,0x00000000eb900000)
  from space 512K, 69% used [0x00000000eba00000,0x00000000eba58940,0x00000000eba80000)
  to   space 512K, 0% used [0x00000000eb980000,0x00000000eb980000,0x00000000eba00000)
 ParOldGen       total 142336K, used 125448K [0x00000000c0000000, 0x00000000c8b00000, 0x00000000eab00000)
  object space 142336K, 88% used [0x00000000c0000000,0x00000000c7a82160,0x00000000c8b00000)
 Metaspace       used 78657K, committed 80000K, reserved 1179648K
  class space    used 8110K, committed 8704K, reserved 1048576K
}
Event: 44.478 GC heap before
{Heap before GC invocations=102 (full 7):
 PSYoungGen      total 14848K, used 14690K [0x00000000eab00000, 0x00000000eba80000, 0x0000000100000000)
  eden space 14336K, 100% used [0x00000000eab00000,0x00000000eb900000,0x00000000eb900000)
  from space 512K, 69% used [0x00000000eba00000,0x00000000eba58940,0x00000000eba80000)
  to   space 512K, 0% used [0x00000000eb980000,0x00000000eb980000,0x00000000eba00000)
 ParOldGen       total 142336K, used 125453K [0x00000000c0000000, 0x00000000c8b00000, 0x00000000eab00000)
  object space 142336K, 88% used [0x00000000c0000000,0x00000000c7a83408,0x00000000c8b00000)
 Metaspace       used 78659K, committed 80000K, reserved 1179648K
  class space    used 8110K, committed 8704K, reserved 1048576K
}
Event: 44.480 GC heap after
{Heap after GC invocations=102 (full 7):
 PSYoungGen      total 14848K, used 461K [0x00000000eab00000, 0x00000000eba80000, 0x0000000100000000)
  eden space 14336K, 0% used [0x00000000eab00000,0x00000000eab00000,0x00000000eb900000)
  from space 512K, 90% used [0x00000000eb980000,0x00000000eb9f3530,0x00000000eba00000)
  to   space 512K, 0% used [0x00000000eba00000,0x00000000eba00000,0x00000000eba80000)
 ParOldGen       total 142336K, used 125754K [0x00000000c0000000, 0x00000000c8b00000, 0x00000000eab00000)
  object space 142336K, 88% used [0x00000000c0000000,0x00000000c7acebc8,0x00000000c8b00000)
 Metaspace       used 78659K, committed 80000K, reserved 1179648K
  class space    used 8110K, committed 8704K, reserved 1048576K
}
Event: 44.523 GC heap before
{Heap before GC invocations=103 (full 7):
 PSYoungGen      total 14848K, used 14797K [0x00000000eab00000, 0x00000000eba80000, 0x0000000100000000)
  eden space 14336K, 100% used [0x00000000eab00000,0x00000000eb900000,0x00000000eb900000)
  from space 512K, 90% used [0x00000000eb980000,0x00000000eb9f3530,0x00000000eba00000)
  to   space 512K, 0% used [0x00000000eba00000,0x00000000eba00000,0x00000000eba80000)
 ParOldGen       total 153600K, used 147773K [0x00000000c0000000, 0x00000000c9600000, 0x00000000eab00000)
  object space 153600K, 96% used [0x00000000c0000000,0x00000000c904f708,0x00000000c9600000)
 Metaspace       used 78670K, committed 80000K, reserved 1179648K
  class space    used 8111K, committed 8704K, reserved 1048576K
}
Event: 44.525 GC heap after
{Heap after GC invocations=103 (full 7):
 PSYoungGen      total 14848K, used 304K [0x00000000eab00000, 0x00000000eba80000, 0x0000000100000000)
  eden space 14336K, 0% used [0x00000000eab00000,0x00000000eab00000,0x00000000eb900000)
  from space 512K, 59% used [0x00000000eba00000,0x00000000eba4c3e0,0x00000000eba80000)
  to   space 512K, 0% used [0x00000000eb980000,0x00000000eb980000,0x00000000eba00000)
 ParOldGen       total 153600K, used 148170K [0x00000000c0000000, 0x00000000c9600000, 0x00000000eab00000)
  object space 153600K, 96% used [0x00000000c0000000,0x00000000c90b2a68,0x00000000c9600000)
 Metaspace       used 78670K, committed 80000K, reserved 1179648K
  class space    used 8111K, committed 8704K, reserved 1048576K
}
Event: 44.605 GC heap before
{Heap before GC invocations=104 (full 7):
 PSYoungGen      total 14848K, used 14640K [0x00000000eab00000, 0x00000000eba80000, 0x0000000100000000)
  eden space 14336K, 100% used [0x00000000eab00000,0x00000000eb900000,0x00000000eb900000)
  from space 512K, 59% used [0x00000000eba00000,0x00000000eba4c3e0,0x00000000eba80000)
  to   space 512K, 0% used [0x00000000eb980000,0x00000000eb980000,0x00000000eba00000)
 ParOldGen       total 153600K, used 148170K [0x00000000c0000000, 0x00000000c9600000, 0x00000000eab00000)
  object space 153600K, 96% used [0x00000000c0000000,0x00000000c90b2a68,0x00000000c9600000)
 Metaspace       used 78677K, committed 80000K, reserved 1179648K
  class space    used 8112K, committed 8704K, reserved 1048576K
}
Event: 44.608 GC heap after
{Heap after GC invocations=104 (full 7):
 PSYoungGen      total 14848K, used 501K [0x00000000eab00000, 0x00000000ebe00000, 0x0000000100000000)
  eden space 14336K, 0% used [0x00000000eab00000,0x00000000eab00000,0x00000000eb900000)
  from space 512K, 98% used [0x00000000eb980000,0x00000000eb9fd7d8,0x00000000eba00000)
  to   space 2560K, 0% used [0x00000000ebb80000,0x00000000ebb80000,0x00000000ebe00000)
 ParOldGen       total 153600K, used 149657K [0x00000000c0000000, 0x00000000c9600000, 0x00000000eab00000)
  object space 153600K, 97% used [0x00000000c0000000,0x00000000c9226760,0x00000000c9600000)
 Metaspace       used 78677K, committed 80000K, reserved 1179648K
  class space    used 8112K, committed 8704K, reserved 1048576K
}

