# JRE version: OpenJDK Runtime Environment Temurin-17.0.11+9 (17.0.11+9) (build 17.0.11+9)
# Java VM: OpenJDK 64-Bit Server VM Temurin-17.0.11+9 (17.0.11+9, mixed mode, emulated-client, tiered, compressed oops, compressed class ptrs, g1 gc, windows-amd64)
GC Precious Log:
 CPUs: 4 total, 4 available
 Memory: 8039M
 Large Page Support: Disabled
 NUMA Support: Disabled
 Compressed Oops: Enabled (32-bit)
 Heap Region Size: 1M
 Heap Min Capacity: 8M
 Heap Initial Capacity: 126M
 Heap Max Capacity: 1G
 Pre-touch: Disabled
 Parallel Workers: 4
 Concurrent Workers: 1
 Concurrent Refinement Workers: 4
 Periodic GC: Disabled
Heap:
 garbage-first heap   total 75776K, used 48386K [0x00000000c0000000, 0x0000000100000000)
  region size 1024K, 24 young (24576K), 4 survivors (4096K)
 Metaspace       used 39480K, committed 39872K, reserved 1114112K
  class space    used 4972K, committed 5184K, reserved 1048576K
GC Heap History (14 events):
Event: 1.762 GC heap before
{Heap before GC invocations=0 (full 0):
 garbage-first heap   total 129024K, used 16384K [0x00000000c0000000, 0x0000000100000000)
  region size 1024K, 13 young (13312K), 0 survivors (0K)
 Metaspace       used 5767K, committed 5888K, reserved 1114112K
  class space    used 552K, committed 640K, reserved 1048576K
}
Event: 1.769 GC heap after
{Heap after GC invocations=1 (full 0):
 garbage-first heap   total 129024K, used 11800K [0x00000000c0000000, 0x0000000100000000)
  region size 1024K, 2 young (2048K), 2 survivors (2048K)
 Metaspace       used 5767K, committed 5888K, reserved 1114112K
  class space    used 552K, committed 640K, reserved 1048576K
}
Event: 2.349 GC heap before
{Heap before GC invocations=1 (full 0):
 garbage-first heap   total 129024K, used 23064K [0x00000000c0000000, 0x0000000100000000)
  region size 1024K, 11 young (11264K), 2 survivors (2048K)
 Metaspace       used 7871K, committed 8064K, reserved 1114112K
  class space    used 843K, committed 960K, reserved 1048576K
}
Event: 2.352 GC heap after
{Heap after GC invocations=2 (full 0):
 garbage-first heap   total 129024K, used 15912K [0x00000000c0000000, 0x0000000100000000)
  region size 1024K, 2 young (2048K), 2 survivors (2048K)
 Metaspace       used 7871K, committed 8064K, reserved 1114112K
  class space    used 843K, committed 960K, reserved 1048576K
}
Event: 3.175 GC heap before
{Heap before GC invocations=2 (full 0):
 garbage-first heap   total 129024K, used 31272K [0x00000000c0000000, 0x0000000100000000)
  region size 1024K, 17 young (17408K), 2 survivors (2048K)
 Metaspace       used 11942K, committed 12160K, reserved 1114112K
  class space    used 1459K, committed 1600K, reserved 1048576K
}
Event: 3.179 GC heap after
{Heap after GC invocations=3 (full 0):
 garbage-first heap   total 129024K, used 17280K [0x00000000c0000000, 0x0000000100000000)
  region size 1024K, 2 young (2048K), 2 survivors (2048K)
 Metaspace       used 11942K, committed 12160K, reserved 1114112K
  class space    used 1459K, committed 1600K, reserved 1048576K
}
Event: 4.700 GC heap before
{Heap before GC invocations=3 (full 0):
 garbage-first heap   total 129024K, used 57216K [0x00000000c0000000, 0x0000000100000000)
  region size 1024K, 43 young (44032K), 2 survivors (2048K)
 Metaspace       used 21238K, committed 21504K, reserved 1114112K
  class space    used 2617K, committed 2752K, reserved 1048576K
}
Event: 4.709 GC heap after
{Heap after GC invocations=4 (full 0):
 garbage-first heap   total 129024K, used 20737K [0x00000000c0000000, 0x0000000100000000)
  region size 1024K, 5 young (5120K), 5 survivors (5120K)
 Metaspace       used 21238K, committed 21504K, reserved 1114112K
  class space    used 2617K, committed 2752K, reserved 1048576K
}
Event: 7.387 GC heap before
{Heap before GC invocations=5 (full 0):
 garbage-first heap   total 75776K, used 60673K [0x00000000c0000000, 0x0000000100000000)
  region size 1024K, 44 young (45056K), 5 survivors (5120K)
 Metaspace       used 28109K, committed 28352K, reserved 1114112K
  class space    used 3502K, committed 3584K, reserved 1048576K
}
Event: 7.401 GC heap after
{Heap after GC invocations=6 (full 0):
 garbage-first heap   total 75776K, used 24165K [0x00000000c0000000, 0x0000000100000000)
  region size 1024K, 4 young (4096K), 4 survivors (4096K)
 Metaspace       used 28109K, committed 28352K, reserved 1114112K
  class space    used 3502K, committed 3584K, reserved 1048576K
}
Event: 9.311 GC heap before
{Heap before GC invocations=6 (full 0):
 garbage-first heap   total 75776K, used 49765K [0x00000000c0000000, 0x0000000100000000)
  region size 1024K, 29 young (29696K), 4 survivors (4096K)
 Metaspace       used 32318K, committed 32704K, reserved 1114112K
  class space    used 4105K, committed 4288K, reserved 1048576K
}
Event: 9.324 GC heap after
{Heap after GC invocations=7 (full 0):
 garbage-first heap   total 75776K, used 26158K [0x00000000c0000000, 0x0000000100000000)
  region size 1024K, 2 young (2048K), 2 survivors (2048K)
 Metaspace       used 32318K, committed 32704K, reserved 1114112K
  class space    used 4105K, committed 4288K, reserved 1048576K
}
Event: 10.952 GC heap before
{Heap before GC invocations=7 (full 0):
 garbage-first heap   total 75776K, used 50734K [0x00000000c0000000, 0x0000000100000000)
  region size 1024K, 26 young (26624K), 2 survivors (2048K)
 Metaspace       used 35747K, committed 36096K, reserved 1114112K
  class space    used 4408K, committed 4608K, reserved 1048576K
}
Event: 10.966 GC heap after
{Heap after GC invocations=8 (full 0):
 garbage-first heap   total 75776K, used 28930K [0x00000000c0000000, 0x0000000100000000)
  region size 1024K, 4 young (4096K), 4 survivors (4096K)
 Metaspace       used 35747K, committed 36096K, reserved 1114112K
  class space    used 4408K, committed 4608K, reserved 1048576K
}

