# JRE version: OpenJDK Runtime Environment Temurin-17.0.11+9 (17.0.11+9) (build 17.0.11+9)
# Java VM: OpenJDK 64-Bit Server VM Temurin-17.0.11+9 (17.0.11+9, mixed mode, emulated-client, tiered, compressed oops, compressed class ptrs, g1 gc, windows-amd64)
GC Precious Log:
 CPUs: 4 total, 4 available
 Memory: 8039M
 Large Page Support: Disabled
 NUMA Support: Disabled
 Compressed Oops: Enabled (32-bit)
 Heap Region Size: 1M
 Heap Min Capacity: 8M
 Heap Initial Capacity: 126M
 Heap Max Capacity: 1G
 Pre-touch: Disabled
 Parallel Workers: 4
 Concurrent Workers: 1
 Concurrent Refinement Workers: 4
 Periodic GC: Disabled
Heap:
 garbage-first heap   total 75776K, used 25216K [0x00000000c0000000, 0x0000000100000000)
  region size 1024K, 1 young (1024K), 0 survivors (0K)
 Metaspace       used 41007K, committed 41600K, reserved 1114112K
  class space    used 5243K, committed 5504K, reserved 1048576K
GC Heap History (20 events):
Event: 5229.006 GC heap before
{Heap before GC invocations=501 (full 491):
 garbage-first heap   total 75776K, used 25216K [0x00000000c0000000, 0x0000000100000000)
  region size 1024K, 1 young (1024K), 0 survivors (0K)
 Metaspace       used 41007K, committed 41600K, reserved 1114112K
  class space    used 5243K, committed 5504K, reserved 1048576K
}
Event: 5229.030 GC heap after
{Heap after GC invocations=502 (full 492):
 garbage-first heap   total 75776K, used 25216K [0x00000000c0000000, 0x0000000100000000)
  region size 1024K, 0 young (0K), 0 survivors (0K)
 Metaspace       used 41007K, committed 41600K, reserved 1114112K
  class space    used 5243K, committed 5504K, reserved 1048576K
}
Event: 5239.255 GC heap before
{Heap before GC invocations=502 (full 492):
 garbage-first heap   total 75776K, used 25216K [0x00000000c0000000, 0x0000000100000000)
  region size 1024K, 1 young (1024K), 0 survivors (0K)
 Metaspace       used 41007K, committed 41600K, reserved 1114112K
  class space    used 5243K, committed 5504K, reserved 1048576K
}
Event: 5239.288 GC heap after
{Heap after GC invocations=503 (full 493):
 garbage-first heap   total 75776K, used 25216K [0x00000000c0000000, 0x0000000100000000)
  region size 1024K, 0 young (0K), 0 survivors (0K)
 Metaspace       used 41007K, committed 41600K, reserved 1114112K
  class space    used 5243K, committed 5504K, reserved 1048576K
}
Event: 5249.510 GC heap before
{Heap before GC invocations=503 (full 493):
 garbage-first heap   total 75776K, used 25216K [0x00000000c0000000, 0x0000000100000000)
  region size 1024K, 1 young (1024K), 0 survivors (0K)
 Metaspace       used 41007K, committed 41600K, reserved 1114112K
  class space    used 5243K, committed 5504K, reserved 1048576K
}
Event: 5249.532 GC heap after
{Heap after GC invocations=504 (full 494):
 garbage-first heap   total 75776K, used 25216K [0x00000000c0000000, 0x0000000100000000)
  region size 1024K, 0 young (0K), 0 survivors (0K)
 Metaspace       used 41007K, committed 41600K, reserved 1114112K
  class space    used 5243K, committed 5504K, reserved 1048576K
}
Event: 5259.750 GC heap before
{Heap before GC invocations=504 (full 494):
 garbage-first heap   total 75776K, used 25216K [0x00000000c0000000, 0x0000000100000000)
  region size 1024K, 1 young (1024K), 0 survivors (0K)
 Metaspace       used 41007K, committed 41600K, reserved 1114112K
  class space    used 5243K, committed 5504K, reserved 1048576K
}
Event: 5259.771 GC heap after
{Heap after GC invocations=505 (full 495):
 garbage-first heap   total 75776K, used 25216K [0x00000000c0000000, 0x0000000100000000)
  region size 1024K, 0 young (0K), 0 survivors (0K)
 Metaspace       used 41007K, committed 41600K, reserved 1114112K
  class space    used 5243K, committed 5504K, reserved 1048576K
}
Event: 5269.951 GC heap before
{Heap before GC invocations=505 (full 495):
 garbage-first heap   total 75776K, used 25216K [0x00000000c0000000, 0x0000000100000000)
  region size 1024K, 1 young (1024K), 0 survivors (0K)
 Metaspace       used 41007K, committed 41600K, reserved 1114112K
  class space    used 5243K, committed 5504K, reserved 1048576K
}
Event: 5269.980 GC heap after
{Heap after GC invocations=506 (full 496):
 garbage-first heap   total 75776K, used 25216K [0x00000000c0000000, 0x0000000100000000)
  region size 1024K, 0 young (0K), 0 survivors (0K)
 Metaspace       used 41007K, committed 41600K, reserved 1114112K
  class space    used 5243K, committed 5504K, reserved 1048576K
}
Event: 5280.147 GC heap before
{Heap before GC invocations=506 (full 496):
 garbage-first heap   total 75776K, used 25216K [0x00000000c0000000, 0x0000000100000000)
  region size 1024K, 1 young (1024K), 0 survivors (0K)
 Metaspace       used 41007K, committed 41600K, reserved 1114112K
  class space    used 5243K, committed 5504K, reserved 1048576K
}
Event: 5280.175 GC heap after
{Heap after GC invocations=507 (full 497):
 garbage-first heap   total 75776K, used 25216K [0x00000000c0000000, 0x0000000100000000)
  region size 1024K, 0 young (0K), 0 survivors (0K)
 Metaspace       used 41007K, committed 41600K, reserved 1114112K
  class space    used 5243K, committed 5504K, reserved 1048576K
}
Event: 5290.400 GC heap before
{Heap before GC invocations=507 (full 497):
 garbage-first heap   total 75776K, used 25216K [0x00000000c0000000, 0x0000000100000000)
  region size 1024K, 1 young (1024K), 0 survivors (0K)
 Metaspace       used 41007K, committed 41600K, reserved 1114112K
  class space    used 5243K, committed 5504K, reserved 1048576K
}
Event: 5290.432 GC heap after
{Heap after GC invocations=508 (full 498):
 garbage-first heap   total 75776K, used 25216K [0x00000000c0000000, 0x0000000100000000)
  region size 1024K, 0 young (0K), 0 survivors (0K)
 Metaspace       used 41007K, committed 41600K, reserved 1114112K
  class space    used 5243K, committed 5504K, reserved 1048576K
}
Event: 5301.854 GC heap before
{Heap before GC invocations=508 (full 498):
 garbage-first heap   total 75776K, used 25216K [0x00000000c0000000, 0x0000000100000000)
  region size 1024K, 1 young (1024K), 0 survivors (0K)
 Metaspace       used 41007K, committed 41600K, reserved 1114112K
  class space    used 5243K, committed 5504K, reserved 1048576K
}
Event: 5301.892 GC heap after
{Heap after GC invocations=509 (full 499):
 garbage-first heap   total 75776K, used 25216K [0x00000000c0000000, 0x0000000100000000)
  region size 1024K, 0 young (0K), 0 survivors (0K)
 Metaspace       used 41007K, committed 41600K, reserved 1114112K
  class space    used 5243K, committed 5504K, reserved 1048576K
}
Event: 5312.077 GC heap before
{Heap before GC invocations=509 (full 499):
 garbage-first heap   total 75776K, used 25216K [0x00000000c0000000, 0x0000000100000000)
  region size 1024K, 1 young (1024K), 0 survivors (0K)
 Metaspace       used 41007K, committed 41600K, reserved 1114112K
  class space    used 5243K, committed 5504K, reserved 1048576K
}
Event: 5312.099 GC heap after
{Heap after GC invocations=510 (full 500):
 garbage-first heap   total 75776K, used 25216K [0x00000000c0000000, 0x0000000100000000)
  region size 1024K, 0 young (0K), 0 survivors (0K)
 Metaspace       used 41007K, committed 41600K, reserved 1114112K
  class space    used 5243K, committed 5504K, reserved 1048576K
}
Event: 5322.788 GC heap before
{Heap before GC invocations=510 (full 500):
 garbage-first heap   total 75776K, used 25216K [0x00000000c0000000, 0x0000000100000000)
  region size 1024K, 1 young (1024K), 0 survivors (0K)
 Metaspace       used 41007K, committed 41600K, reserved 1114112K
  class space    used 5243K, committed 5504K, reserved 1048576K
}
Event: 5322.823 GC heap after
{Heap after GC invocations=511 (full 501):
 garbage-first heap   total 75776K, used 25216K [0x00000000c0000000, 0x0000000100000000)
  region size 1024K, 0 young (0K), 0 survivors (0K)
 Metaspace       used 41007K, committed 41600K, reserved 1114112K
  class space    used 5243K, committed 5504K, reserved 1048576K
}

