# JRE version: OpenJDK Runtime Environment Temurin-17.0.11+9 (17.0.11+9) (build 17.0.11+9)
# Java VM: OpenJDK 64-Bit Server VM Temurin-17.0.11+9 (17.0.11+9, mixed mode, emulated-client, tiered, compressed oops, compressed class ptrs, g1 gc, windows-amd64)
GC Precious Log:
 CPUs: 4 total, 4 available
 Memory: 8039M
 Large Page Support: Disabled
 NUMA Support: Disabled
 Compressed Oops: Enabled (32-bit)
 Heap Region Size: 1M
 Heap Min Capacity: 8M
 Heap Initial Capacity: 126M
 Heap Max Capacity: 1G
 Pre-touch: Disabled
 Parallel Workers: 4
 Concurrent Workers: 1
 Concurrent Refinement Workers: 4
 Periodic GC: Disabled
Heap:
 garbage-first heap   total 137216K, used 39794K [0x00000000c0000000, 0x0000000100000000)
  region size 1024K, 1 young (1024K), 0 survivors (0K)
 Metaspace       used 61517K, committed 62080K, reserved 1114112K
  class space    used 7496K, committed 7744K, reserved 1048576K
GC Heap History (20 events):
Event: 2759.645 GC heap before
{Heap before GC invocations=269 (full 238):
 garbage-first heap   total 137216K, used 39794K [0x00000000c0000000, 0x0000000100000000)
  region size 1024K, 1 young (1024K), 0 survivors (0K)
 Metaspace       used 61517K, committed 62080K, reserved 1114112K
  class space    used 7496K, committed 7744K, reserved 1048576K
}
Event: 2759.704 GC heap after
{Heap after GC invocations=270 (full 239):
 garbage-first heap   total 137216K, used 39794K [0x00000000c0000000, 0x0000000100000000)
  region size 1024K, 0 young (0K), 0 survivors (0K)
 Metaspace       used 61517K, committed 62080K, reserved 1114112K
  class space    used 7496K, committed 7744K, reserved 1048576K
}
Event: 2769.934 GC heap before
{Heap before GC invocations=270 (full 239):
 garbage-first heap   total 137216K, used 39794K [0x00000000c0000000, 0x0000000100000000)
  region size 1024K, 1 young (1024K), 0 survivors (0K)
 Metaspace       used 61517K, committed 62080K, reserved 1114112K
  class space    used 7496K, committed 7744K, reserved 1048576K
}
Event: 2769.994 GC heap after
{Heap after GC invocations=271 (full 240):
 garbage-first heap   total 137216K, used 39794K [0x00000000c0000000, 0x0000000100000000)
  region size 1024K, 0 young (0K), 0 survivors (0K)
 Metaspace       used 61517K, committed 62080K, reserved 1114112K
  class space    used 7496K, committed 7744K, reserved 1048576K
}
Event: 2780.204 GC heap before
{Heap before GC invocations=271 (full 240):
 garbage-first heap   total 137216K, used 39794K [0x00000000c0000000, 0x0000000100000000)
  region size 1024K, 1 young (1024K), 0 survivors (0K)
 Metaspace       used 61517K, committed 62080K, reserved 1114112K
  class space    used 7496K, committed 7744K, reserved 1048576K
}
Event: 2780.252 GC heap after
{Heap after GC invocations=272 (full 241):
 garbage-first heap   total 137216K, used 39794K [0x00000000c0000000, 0x0000000100000000)
  region size 1024K, 0 young (0K), 0 survivors (0K)
 Metaspace       used 61517K, committed 62080K, reserved 1114112K
  class space    used 7496K, committed 7744K, reserved 1048576K
}
Event: 2790.560 GC heap before
{Heap before GC invocations=272 (full 241):
 garbage-first heap   total 137216K, used 39794K [0x00000000c0000000, 0x0000000100000000)
  region size 1024K, 1 young (1024K), 0 survivors (0K)
 Metaspace       used 61517K, committed 62080K, reserved 1114112K
  class space    used 7496K, committed 7744K, reserved 1048576K
}
Event: 2790.605 GC heap after
{Heap after GC invocations=273 (full 242):
 garbage-first heap   total 137216K, used 39794K [0x00000000c0000000, 0x0000000100000000)
  region size 1024K, 0 young (0K), 0 survivors (0K)
 Metaspace       used 61517K, committed 62080K, reserved 1114112K
  class space    used 7496K, committed 7744K, reserved 1048576K
}
Event: 2800.874 GC heap before
{Heap before GC invocations=273 (full 242):
 garbage-first heap   total 137216K, used 39794K [0x00000000c0000000, 0x0000000100000000)
  region size 1024K, 1 young (1024K), 0 survivors (0K)
 Metaspace       used 61517K, committed 62080K, reserved 1114112K
  class space    used 7496K, committed 7744K, reserved 1048576K
}
Event: 2800.931 GC heap after
{Heap after GC invocations=274 (full 243):
 garbage-first heap   total 137216K, used 39794K [0x00000000c0000000, 0x0000000100000000)
  region size 1024K, 0 young (0K), 0 survivors (0K)
 Metaspace       used 61517K, committed 62080K, reserved 1114112K
  class space    used 7496K, committed 7744K, reserved 1048576K
}
Event: 2811.241 GC heap before
{Heap before GC invocations=274 (full 243):
 garbage-first heap   total 137216K, used 39794K [0x00000000c0000000, 0x0000000100000000)
  region size 1024K, 1 young (1024K), 0 survivors (0K)
 Metaspace       used 61517K, committed 62080K, reserved 1114112K
  class space    used 7496K, committed 7744K, reserved 1048576K
}
Event: 2811.302 GC heap after
{Heap after GC invocations=275 (full 244):
 garbage-first heap   total 137216K, used 39794K [0x00000000c0000000, 0x0000000100000000)
  region size 1024K, 0 young (0K), 0 survivors (0K)
 Metaspace       used 61517K, committed 62080K, reserved 1114112K
  class space    used 7496K, committed 7744K, reserved 1048576K
}
Event: 2821.637 GC heap before
{Heap before GC invocations=275 (full 244):
 garbage-first heap   total 137216K, used 39794K [0x00000000c0000000, 0x0000000100000000)
  region size 1024K, 1 young (1024K), 0 survivors (0K)
 Metaspace       used 61517K, committed 62080K, reserved 1114112K
  class space    used 7496K, committed 7744K, reserved 1048576K
}
Event: 2821.682 GC heap after
{Heap after GC invocations=276 (full 245):
 garbage-first heap   total 137216K, used 39794K [0x00000000c0000000, 0x0000000100000000)
  region size 1024K, 0 young (0K), 0 survivors (0K)
 Metaspace       used 61517K, committed 62080K, reserved 1114112K
  class space    used 7496K, committed 7744K, reserved 1048576K
}
Event: 2831.907 GC heap before
{Heap before GC invocations=276 (full 245):
 garbage-first heap   total 137216K, used 39794K [0x00000000c0000000, 0x0000000100000000)
  region size 1024K, 1 young (1024K), 0 survivors (0K)
 Metaspace       used 61517K, committed 62080K, reserved 1114112K
  class space    used 7496K, committed 7744K, reserved 1048576K
}
Event: 2831.950 GC heap after
{Heap after GC invocations=277 (full 246):
 garbage-first heap   total 137216K, used 39794K [0x00000000c0000000, 0x0000000100000000)
  region size 1024K, 0 young (0K), 0 survivors (0K)
 Metaspace       used 61517K, committed 62080K, reserved 1114112K
  class space    used 7496K, committed 7744K, reserved 1048576K
}
Event: 2842.159 GC heap before
{Heap before GC invocations=277 (full 246):
 garbage-first heap   total 137216K, used 39794K [0x00000000c0000000, 0x0000000100000000)
  region size 1024K, 1 young (1024K), 0 survivors (0K)
 Metaspace       used 61517K, committed 62080K, reserved 1114112K
  class space    used 7496K, committed 7744K, reserved 1048576K
}
Event: 2842.203 GC heap after
{Heap after GC invocations=278 (full 247):
 garbage-first heap   total 137216K, used 39794K [0x00000000c0000000, 0x0000000100000000)
  region size 1024K, 0 young (0K), 0 survivors (0K)
 Metaspace       used 61517K, committed 62080K, reserved 1114112K
  class space    used 7496K, committed 7744K, reserved 1048576K
}
Event: 2855.647 GC heap before
{Heap before GC invocations=278 (full 247):
 garbage-first heap   total 137216K, used 39794K [0x00000000c0000000, 0x0000000100000000)
  region size 1024K, 1 young (1024K), 0 survivors (0K)
 Metaspace       used 61517K, committed 62080K, reserved 1114112K
  class space    used 7496K, committed 7744K, reserved 1048576K
}
Event: 2855.691 GC heap after
{Heap after GC invocations=279 (full 248):
 garbage-first heap   total 137216K, used 39794K [0x00000000c0000000, 0x0000000100000000)
  region size 1024K, 0 young (0K), 0 survivors (0K)
 Metaspace       used 61517K, committed 62080K, reserved 1114112K
  class space    used 7496K, committed 7744K, reserved 1048576K
}

