# JRE version: OpenJDK Runtime Environment Temurin-17.0.11+9 (17.0.11+9) (build 17.0.11+9)
# Java VM: OpenJDK 64-Bit Server VM Temurin-17.0.11+9 (17.0.11+9, mixed mode, emulated-client, tiered, compressed oops, compressed class ptrs, g1 gc, windows-amd64)
GC Precious Log:
 CPUs: 4 total, 4 available
 Memory: 8039M
 Large Page Support: Disabled
 NUMA Support: Disabled
 Compressed Oops: Enabled (32-bit)
 Heap Region Size: 1M
 Heap Min Capacity: 8M
 Heap Initial Capacity: 126M
 Heap Max Capacity: 1G
 Pre-touch: Disabled
 Parallel Workers: 4
 Concurrent Workers: 1
 Concurrent Refinement Workers: 4
 Periodic GC: Disabled
Heap:
 garbage-first heap   total 75776K, used 25320K [0x00000000c0000000, 0x0000000100000000)
  region size 1024K, 1 young (1024K), 0 survivors (0K)
 Metaspace       used 40980K, committed 41600K, reserved 1114112K
  class space    used 5242K, committed 5504K, reserved 1048576K
GC Heap History (20 events):
Event: 510.974 GC heap before
{Heap before GC invocations=52 (full 42):
 garbage-first heap   total 75776K, used 25320K [0x00000000c0000000, 0x0000000100000000)
  region size 1024K, 1 young (1024K), 0 survivors (0K)
 Metaspace       used 40980K, committed 41600K, reserved 1114112K
  class space    used 5242K, committed 5504K, reserved 1048576K
}
Event: 511.010 GC heap after
{Heap after GC invocations=53 (full 43):
 garbage-first heap   total 75776K, used 25320K [0x00000000c0000000, 0x0000000100000000)
  region size 1024K, 0 young (0K), 0 survivors (0K)
 Metaspace       used 40980K, committed 41600K, reserved 1114112K
  class space    used 5242K, committed 5504K, reserved 1048576K
}
Event: 521.366 GC heap before
{Heap before GC invocations=53 (full 43):
 garbage-first heap   total 75776K, used 25320K [0x00000000c0000000, 0x0000000100000000)
  region size 1024K, 1 young (1024K), 0 survivors (0K)
 Metaspace       used 40980K, committed 41600K, reserved 1114112K
  class space    used 5242K, committed 5504K, reserved 1048576K
}
Event: 521.407 GC heap after
{Heap after GC invocations=54 (full 44):
 garbage-first heap   total 75776K, used 25320K [0x00000000c0000000, 0x0000000100000000)
  region size 1024K, 0 young (0K), 0 survivors (0K)
 Metaspace       used 40980K, committed 41600K, reserved 1114112K
  class space    used 5242K, committed 5504K, reserved 1048576K
}
Event: 531.769 GC heap before
{Heap before GC invocations=54 (full 44):
 garbage-first heap   total 75776K, used 25320K [0x00000000c0000000, 0x0000000100000000)
  region size 1024K, 1 young (1024K), 0 survivors (0K)
 Metaspace       used 40980K, committed 41600K, reserved 1114112K
  class space    used 5242K, committed 5504K, reserved 1048576K
}
Event: 531.803 GC heap after
{Heap after GC invocations=55 (full 45):
 garbage-first heap   total 75776K, used 25320K [0x00000000c0000000, 0x0000000100000000)
  region size 1024K, 0 young (0K), 0 survivors (0K)
 Metaspace       used 40980K, committed 41600K, reserved 1114112K
  class space    used 5242K, committed 5504K, reserved 1048576K
}
Event: 545.085 GC heap before
{Heap before GC invocations=55 (full 45):
 garbage-first heap   total 75776K, used 25320K [0x00000000c0000000, 0x0000000100000000)
  region size 1024K, 1 young (1024K), 0 survivors (0K)
 Metaspace       used 40980K, committed 41600K, reserved 1114112K
  class space    used 5242K, committed 5504K, reserved 1048576K
}
Event: 545.125 GC heap after
{Heap after GC invocations=56 (full 46):
 garbage-first heap   total 75776K, used 25320K [0x00000000c0000000, 0x0000000100000000)
  region size 1024K, 0 young (0K), 0 survivors (0K)
 Metaspace       used 40980K, committed 41600K, reserved 1114112K
  class space    used 5242K, committed 5504K, reserved 1048576K
}
Event: 556.569 GC heap before
{Heap before GC invocations=56 (full 46):
 garbage-first heap   total 75776K, used 25320K [0x00000000c0000000, 0x0000000100000000)
  region size 1024K, 1 young (1024K), 0 survivors (0K)
 Metaspace       used 40980K, committed 41600K, reserved 1114112K
  class space    used 5242K, committed 5504K, reserved 1048576K
}
Event: 556.605 GC heap after
{Heap after GC invocations=57 (full 47):
 garbage-first heap   total 75776K, used 25320K [0x00000000c0000000, 0x0000000100000000)
  region size 1024K, 0 young (0K), 0 survivors (0K)
 Metaspace       used 40980K, committed 41600K, reserved 1114112K
  class space    used 5242K, committed 5504K, reserved 1048576K
}
Event: 566.849 GC heap before
{Heap before GC invocations=57 (full 47):
 garbage-first heap   total 75776K, used 25320K [0x00000000c0000000, 0x0000000100000000)
  region size 1024K, 1 young (1024K), 0 survivors (0K)
 Metaspace       used 40980K, committed 41600K, reserved 1114112K
  class space    used 5242K, committed 5504K, reserved 1048576K
}
Event: 566.884 GC heap after
{Heap after GC invocations=58 (full 48):
 garbage-first heap   total 75776K, used 25320K [0x00000000c0000000, 0x0000000100000000)
  region size 1024K, 0 young (0K), 0 survivors (0K)
 Metaspace       used 40980K, committed 41600K, reserved 1114112K
  class space    used 5242K, committed 5504K, reserved 1048576K
}
Event: 577.258 GC heap before
{Heap before GC invocations=58 (full 48):
 garbage-first heap   total 75776K, used 25320K [0x00000000c0000000, 0x0000000100000000)
  region size 1024K, 1 young (1024K), 0 survivors (0K)
 Metaspace       used 40980K, committed 41600K, reserved 1114112K
  class space    used 5242K, committed 5504K, reserved 1048576K
}
Event: 577.302 GC heap after
{Heap after GC invocations=59 (full 49):
 garbage-first heap   total 75776K, used 25320K [0x00000000c0000000, 0x0000000100000000)
  region size 1024K, 0 young (0K), 0 survivors (0K)
 Metaspace       used 40980K, committed 41600K, reserved 1114112K
  class space    used 5242K, committed 5504K, reserved 1048576K
}
Event: 587.920 GC heap before
{Heap before GC invocations=59 (full 49):
 garbage-first heap   total 75776K, used 25320K [0x00000000c0000000, 0x0000000100000000)
  region size 1024K, 1 young (1024K), 0 survivors (0K)
 Metaspace       used 40980K, committed 41600K, reserved 1114112K
  class space    used 5242K, committed 5504K, reserved 1048576K
}
Event: 587.958 GC heap after
{Heap after GC invocations=60 (full 50):
 garbage-first heap   total 75776K, used 25320K [0x00000000c0000000, 0x0000000100000000)
  region size 1024K, 0 young (0K), 0 survivors (0K)
 Metaspace       used 40980K, committed 41600K, reserved 1114112K
  class space    used 5242K, committed 5504K, reserved 1048576K
}
Event: 598.657 GC heap before
{Heap before GC invocations=60 (full 50):
 garbage-first heap   total 75776K, used 25320K [0x00000000c0000000, 0x0000000100000000)
  region size 1024K, 1 young (1024K), 0 survivors (0K)
 Metaspace       used 40980K, committed 41600K, reserved 1114112K
  class space    used 5242K, committed 5504K, reserved 1048576K
}
Event: 598.697 GC heap after
{Heap after GC invocations=61 (full 51):
 garbage-first heap   total 75776K, used 25320K [0x00000000c0000000, 0x0000000100000000)
  region size 1024K, 0 young (0K), 0 survivors (0K)
 Metaspace       used 40980K, committed 41600K, reserved 1114112K
  class space    used 5242K, committed 5504K, reserved 1048576K
}
Event: 610.857 GC heap before
{Heap before GC invocations=61 (full 51):
 garbage-first heap   total 75776K, used 25320K [0x00000000c0000000, 0x0000000100000000)
  region size 1024K, 1 young (1024K), 0 survivors (0K)
 Metaspace       used 40980K, committed 41600K, reserved 1114112K
  class space    used 5242K, committed 5504K, reserved 1048576K
}
Event: 610.900 GC heap after
{Heap after GC invocations=62 (full 52):
 garbage-first heap   total 75776K, used 25320K [0x00000000c0000000, 0x0000000100000000)
  region size 1024K, 0 young (0K), 0 survivors (0K)
 Metaspace       used 40980K, committed 41600K, reserved 1114112K
  class space    used 5242K, committed 5504K, reserved 1048576K
}

