# JRE version: OpenJDK Runtime Environment Temurin-17.0.11+9 (17.0.11+9) (build 17.0.11+9)
# Java VM: OpenJDK 64-Bit Server VM Temurin-17.0.11+9 (17.0.11+9, mixed mode, emulated-client, tiered, compressed oops, compressed class ptrs, g1 gc, windows-amd64)
GC Precious Log:
 CPUs: 4 total, 4 available
 Memory: 8039M
 Large Page Support: Disabled
 NUMA Support: Disabled
 Compressed Oops: Enabled (32-bit)
 Heap Region Size: 1M
 Heap Min Capacity: 8M
 Heap Initial Capacity: 126M
 Heap Max Capacity: 1G
 Pre-touch: Disabled
 Parallel Workers: 4
 Concurrent Workers: 1
 Concurrent Refinement Workers: 4
 Periodic GC: Disabled
Heap:
 garbage-first heap   total 99328K, used 41138K [0x00000000c0000000, 0x0000000100000000)
  region size 1024K, 1 young (1024K), 0 survivors (0K)
 Metaspace       used 61972K, committed 62464K, reserved 1114112K
  class space    used 7539K, committed 7744K, reserved 1048576K
GC Heap History (20 events):
Event: 5024.573 GC heap before
{Heap before GC invocations=483 (full 462):
 garbage-first heap   total 99328K, used 41138K [0x00000000c0000000, 0x0000000100000000)
  region size 1024K, 1 young (1024K), 0 survivors (0K)
 Metaspace       used 61972K, committed 62464K, reserved 1114112K
  class space    used 7539K, committed 7744K, reserved 1048576K
}
Event: 5024.635 GC heap after
{Heap after GC invocations=484 (full 463):
 garbage-first heap   total 99328K, used 41138K [0x00000000c0000000, 0x0000000100000000)
  region size 1024K, 0 young (0K), 0 survivors (0K)
 Metaspace       used 61972K, committed 62464K, reserved 1114112K
  class space    used 7539K, committed 7744K, reserved 1048576K
}
Event: 5035.001 GC heap before
{Heap before GC invocations=484 (full 463):
 garbage-first heap   total 99328K, used 41138K [0x00000000c0000000, 0x0000000100000000)
  region size 1024K, 1 young (1024K), 0 survivors (0K)
 Metaspace       used 61972K, committed 62464K, reserved 1114112K
  class space    used 7539K, committed 7744K, reserved 1048576K
}
Event: 5035.064 GC heap after
{Heap after GC invocations=485 (full 464):
 garbage-first heap   total 99328K, used 41138K [0x00000000c0000000, 0x0000000100000000)
  region size 1024K, 0 young (0K), 0 survivors (0K)
 Metaspace       used 61972K, committed 62464K, reserved 1114112K
  class space    used 7539K, committed 7744K, reserved 1048576K
}
Event: 5045.282 GC heap before
{Heap before GC invocations=485 (full 464):
 garbage-first heap   total 99328K, used 41138K [0x00000000c0000000, 0x0000000100000000)
  region size 1024K, 1 young (1024K), 0 survivors (0K)
 Metaspace       used 61972K, committed 62464K, reserved 1114112K
  class space    used 7539K, committed 7744K, reserved 1048576K
}
Event: 5045.335 GC heap after
{Heap after GC invocations=486 (full 465):
 garbage-first heap   total 99328K, used 41138K [0x00000000c0000000, 0x0000000100000000)
  region size 1024K, 0 young (0K), 0 survivors (0K)
 Metaspace       used 61972K, committed 62464K, reserved 1114112K
  class space    used 7539K, committed 7744K, reserved 1048576K
}
Event: 5055.567 GC heap before
{Heap before GC invocations=486 (full 465):
 garbage-first heap   total 99328K, used 41138K [0x00000000c0000000, 0x0000000100000000)
  region size 1024K, 1 young (1024K), 0 survivors (0K)
 Metaspace       used 61972K, committed 62464K, reserved 1114112K
  class space    used 7539K, committed 7744K, reserved 1048576K
}
Event: 5055.623 GC heap after
{Heap after GC invocations=487 (full 466):
 garbage-first heap   total 99328K, used 41138K [0x00000000c0000000, 0x0000000100000000)
  region size 1024K, 0 young (0K), 0 survivors (0K)
 Metaspace       used 61972K, committed 62464K, reserved 1114112K
  class space    used 7539K, committed 7744K, reserved 1048576K
}
Event: 5065.814 GC heap before
{Heap before GC invocations=487 (full 466):
 garbage-first heap   total 99328K, used 41138K [0x00000000c0000000, 0x0000000100000000)
  region size 1024K, 1 young (1024K), 0 survivors (0K)
 Metaspace       used 61972K, committed 62464K, reserved 1114112K
  class space    used 7539K, committed 7744K, reserved 1048576K
}
Event: 5065.864 GC heap after
{Heap after GC invocations=488 (full 467):
 garbage-first heap   total 99328K, used 41138K [0x00000000c0000000, 0x0000000100000000)
  region size 1024K, 0 young (0K), 0 survivors (0K)
 Metaspace       used 61972K, committed 62464K, reserved 1114112K
  class space    used 7539K, committed 7744K, reserved 1048576K
}
Event: 5076.157 GC heap before
{Heap before GC invocations=488 (full 467):
 garbage-first heap   total 99328K, used 41138K [0x00000000c0000000, 0x0000000100000000)
  region size 1024K, 1 young (1024K), 0 survivors (0K)
 Metaspace       used 61972K, committed 62464K, reserved 1114112K
  class space    used 7539K, committed 7744K, reserved 1048576K
}
Event: 5076.202 GC heap after
{Heap after GC invocations=489 (full 468):
 garbage-first heap   total 99328K, used 41138K [0x00000000c0000000, 0x0000000100000000)
  region size 1024K, 0 young (0K), 0 survivors (0K)
 Metaspace       used 61972K, committed 62464K, reserved 1114112K
  class space    used 7539K, committed 7744K, reserved 1048576K
}
Event: 5086.553 GC heap before
{Heap before GC invocations=489 (full 468):
 garbage-first heap   total 99328K, used 41138K [0x00000000c0000000, 0x0000000100000000)
  region size 1024K, 1 young (1024K), 0 survivors (0K)
 Metaspace       used 61972K, committed 62464K, reserved 1114112K
  class space    used 7539K, committed 7744K, reserved 1048576K
}
Event: 5086.622 GC heap after
{Heap after GC invocations=490 (full 469):
 garbage-first heap   total 99328K, used 41138K [0x00000000c0000000, 0x0000000100000000)
  region size 1024K, 0 young (0K), 0 survivors (0K)
 Metaspace       used 61972K, committed 62464K, reserved 1114112K
  class space    used 7539K, committed 7744K, reserved 1048576K
}
Event: 5096.983 GC heap before
{Heap before GC invocations=490 (full 469):
 garbage-first heap   total 99328K, used 41138K [0x00000000c0000000, 0x0000000100000000)
  region size 1024K, 1 young (1024K), 0 survivors (0K)
 Metaspace       used 61972K, committed 62464K, reserved 1114112K
  class space    used 7539K, committed 7744K, reserved 1048576K
}
Event: 5097.050 GC heap after
{Heap after GC invocations=491 (full 470):
 garbage-first heap   total 99328K, used 41138K [0x00000000c0000000, 0x0000000100000000)
  region size 1024K, 0 young (0K), 0 survivors (0K)
 Metaspace       used 61972K, committed 62464K, reserved 1114112K
  class space    used 7539K, committed 7744K, reserved 1048576K
}
Event: 5107.247 GC heap before
{Heap before GC invocations=491 (full 470):
 garbage-first heap   total 99328K, used 41138K [0x00000000c0000000, 0x0000000100000000)
  region size 1024K, 1 young (1024K), 0 survivors (0K)
 Metaspace       used 61972K, committed 62464K, reserved 1114112K
  class space    used 7539K, committed 7744K, reserved 1048576K
}
Event: 5107.289 GC heap after
{Heap after GC invocations=492 (full 471):
 garbage-first heap   total 99328K, used 41138K [0x00000000c0000000, 0x0000000100000000)
  region size 1024K, 0 young (0K), 0 survivors (0K)
 Metaspace       used 61972K, committed 62464K, reserved 1114112K
  class space    used 7539K, committed 7744K, reserved 1048576K
}
Event: 5117.807 GC heap before
{Heap before GC invocations=492 (full 471):
 garbage-first heap   total 99328K, used 41138K [0x00000000c0000000, 0x0000000100000000)
  region size 1024K, 1 young (1024K), 0 survivors (0K)
 Metaspace       used 61972K, committed 62464K, reserved 1114112K
  class space    used 7539K, committed 7744K, reserved 1048576K
}
Event: 5117.870 GC heap after
{Heap after GC invocations=493 (full 472):
 garbage-first heap   total 99328K, used 41138K [0x00000000c0000000, 0x0000000100000000)
  region size 1024K, 0 young (0K), 0 survivors (0K)
 Metaspace       used 61972K, committed 62464K, reserved 1114112K
  class space    used 7539K, committed 7744K, reserved 1048576K
}

