# JRE version: OpenJDK Runtime Environment Temurin-17.0.11+9 (17.0.11+9) (build 17.0.11+9)
# Java VM: OpenJDK 64-Bit Server VM Temurin-17.0.11+9 (17.0.11+9, mixed mode, emulated-client, tiered, compressed oops, compressed class ptrs, g1 gc, windows-amd64)
GC Precious Log:
 CPUs: 4 total, 4 available
 Memory: 8039M
 Large Page Support: Disabled
 NUMA Support: Disabled
 Compressed Oops: Enabled (32-bit)
 Heap Region Size: 1M
 Heap Min Capacity: 8M
 Heap Initial Capacity: 126M
 Heap Max Capacity: 1G
 Pre-touch: Disabled
 Parallel Workers: 4
 Concurrent Workers: 1
 Concurrent Refinement Workers: 4
 Periodic GC: Disabled
Heap:
 garbage-first heap   total 75776K, used 25242K [0x00000000c0000000, 0x0000000100000000)
  region size 1024K, 1 young (1024K), 0 survivors (0K)
 Metaspace       used 41204K, committed 41792K, reserved 1114112K
  class space    used 5282K, committed 5504K, reserved 1048576K
GC Heap History (20 events):
Event: 93.071 GC heap before
{Heap before GC invocations=9 (full 0):
 garbage-first heap   total 75776K, used 54421K [0x00000000c0000000, 0x0000000100000000)
  region size 1024K, 29 young (29696K), 4 survivors (4096K)
 Metaspace       used 40243K, committed 40640K, reserved 1114112K
  class space    used 5094K, committed 5312K, reserved 1048576K
}
Event: 93.084 GC heap after
{Heap after GC invocations=10 (full 0):
 garbage-first heap   total 75776K, used 31460K [0x00000000c0000000, 0x0000000100000000)
  region size 1024K, 3 young (3072K), 3 survivors (3072K)
 Metaspace       used 40243K, committed 40640K, reserved 1114112K
  class space    used 5094K, committed 5312K, reserved 1048576K
}
Event: 140.959 GC heap before
{Heap before GC invocations=10 (full 0):
 garbage-first heap   total 75776K, used 38628K [0x00000000c0000000, 0x0000000100000000)
  region size 1024K, 11 young (11264K), 3 survivors (3072K)
 Metaspace       used 41354K, committed 41792K, reserved 1114112K
  class space    used 5320K, committed 5504K, reserved 1048576K
}
Event: 140.996 GC heap after
{Heap after GC invocations=11 (full 1):
 garbage-first heap   total 75776K, used 27462K [0x00000000c0000000, 0x0000000100000000)
  region size 1024K, 0 young (0K), 0 survivors (0K)
 Metaspace       used 41282K, committed 41792K, reserved 1114112K
  class space    used 5302K, committed 5504K, reserved 1048576K
}
Event: 152.083 GC heap before
{Heap before GC invocations=11 (full 1):
 garbage-first heap   total 75776K, used 27462K [0x00000000c0000000, 0x0000000100000000)
  region size 1024K, 1 young (1024K), 0 survivors (0K)
 Metaspace       used 41282K, committed 41792K, reserved 1114112K
  class space    used 5302K, committed 5504K, reserved 1048576K
}
Event: 152.154 GC heap after
{Heap after GC invocations=12 (full 2):
 garbage-first heap   total 75776K, used 25250K [0x00000000c0000000, 0x0000000100000000)
  region size 1024K, 0 young (0K), 0 survivors (0K)
 Metaspace       used 41203K, committed 41792K, reserved 1114112K
  class space    used 5282K, committed 5504K, reserved 1048576K
}
Event: 163.399 GC heap before
{Heap before GC invocations=12 (full 2):
 garbage-first heap   total 75776K, used 25250K [0x00000000c0000000, 0x0000000100000000)
  region size 1024K, 1 young (1024K), 0 survivors (0K)
 Metaspace       used 41204K, committed 41792K, reserved 1114112K
  class space    used 5282K, committed 5504K, reserved 1048576K
}
Event: 163.459 GC heap after
{Heap after GC invocations=13 (full 3):
 garbage-first heap   total 75776K, used 25243K [0x00000000c0000000, 0x0000000100000000)
  region size 1024K, 0 young (0K), 0 survivors (0K)
 Metaspace       used 41204K, committed 41792K, reserved 1114112K
  class space    used 5282K, committed 5504K, reserved 1048576K
}
Event: 174.526 GC heap before
{Heap before GC invocations=13 (full 3):
 garbage-first heap   total 75776K, used 25243K [0x00000000c0000000, 0x0000000100000000)
  region size 1024K, 1 young (1024K), 0 survivors (0K)
 Metaspace       used 41204K, committed 41792K, reserved 1114112K
  class space    used 5282K, committed 5504K, reserved 1048576K
}
Event: 174.595 GC heap after
{Heap after GC invocations=14 (full 4):
 garbage-first heap   total 75776K, used 25242K [0x00000000c0000000, 0x0000000100000000)
  region size 1024K, 0 young (0K), 0 survivors (0K)
 Metaspace       used 41204K, committed 41792K, reserved 1114112K
  class space    used 5282K, committed 5504K, reserved 1048576K
}
Event: 185.666 GC heap before
{Heap before GC invocations=14 (full 4):
 garbage-first heap   total 75776K, used 25242K [0x00000000c0000000, 0x0000000100000000)
  region size 1024K, 1 young (1024K), 0 survivors (0K)
 Metaspace       used 41204K, committed 41792K, reserved 1114112K
  class space    used 5282K, committed 5504K, reserved 1048576K
}
Event: 185.718 GC heap after
{Heap after GC invocations=15 (full 5):
 garbage-first heap   total 75776K, used 25242K [0x00000000c0000000, 0x0000000100000000)
  region size 1024K, 0 young (0K), 0 survivors (0K)
 Metaspace       used 41204K, committed 41792K, reserved 1114112K
  class space    used 5282K, committed 5504K, reserved 1048576K
}
Event: 196.759 GC heap before
{Heap before GC invocations=15 (full 5):
 garbage-first heap   total 75776K, used 25242K [0x00000000c0000000, 0x0000000100000000)
  region size 1024K, 1 young (1024K), 0 survivors (0K)
 Metaspace       used 41204K, committed 41792K, reserved 1114112K
  class space    used 5282K, committed 5504K, reserved 1048576K
}
Event: 196.825 GC heap after
{Heap after GC invocations=16 (full 6):
 garbage-first heap   total 75776K, used 25242K [0x00000000c0000000, 0x0000000100000000)
  region size 1024K, 0 young (0K), 0 survivors (0K)
 Metaspace       used 41204K, committed 41792K, reserved 1114112K
  class space    used 5282K, committed 5504K, reserved 1048576K
}
Event: 208.230 GC heap before
{Heap before GC invocations=16 (full 6):
 garbage-first heap   total 75776K, used 25242K [0x00000000c0000000, 0x0000000100000000)
  region size 1024K, 1 young (1024K), 0 survivors (0K)
 Metaspace       used 41204K, committed 41792K, reserved 1114112K
  class space    used 5282K, committed 5504K, reserved 1048576K
}
Event: 208.274 GC heap after
{Heap after GC invocations=17 (full 7):
 garbage-first heap   total 75776K, used 25242K [0x00000000c0000000, 0x0000000100000000)
  region size 1024K, 0 young (0K), 0 survivors (0K)
 Metaspace       used 41204K, committed 41792K, reserved 1114112K
  class space    used 5282K, committed 5504K, reserved 1048576K
}
Event: 219.783 GC heap before
{Heap before GC invocations=17 (full 7):
 garbage-first heap   total 75776K, used 25242K [0x00000000c0000000, 0x0000000100000000)
  region size 1024K, 1 young (1024K), 0 survivors (0K)
 Metaspace       used 41204K, committed 41792K, reserved 1114112K
  class space    used 5282K, committed 5504K, reserved 1048576K
}
Event: 219.833 GC heap after
{Heap after GC invocations=18 (full 8):
 garbage-first heap   total 75776K, used 25242K [0x00000000c0000000, 0x0000000100000000)
  region size 1024K, 0 young (0K), 0 survivors (0K)
 Metaspace       used 41204K, committed 41792K, reserved 1114112K
  class space    used 5282K, committed 5504K, reserved 1048576K
}
Event: 231.247 GC heap before
{Heap before GC invocations=18 (full 8):
 garbage-first heap   total 75776K, used 25242K [0x00000000c0000000, 0x0000000100000000)
  region size 1024K, 1 young (1024K), 0 survivors (0K)
 Metaspace       used 41204K, committed 41792K, reserved 1114112K
  class space    used 5282K, committed 5504K, reserved 1048576K
}
Event: 231.281 GC heap after
{Heap after GC invocations=19 (full 9):
 garbage-first heap   total 75776K, used 25242K [0x00000000c0000000, 0x0000000100000000)
  region size 1024K, 0 young (0K), 0 survivors (0K)
 Metaspace       used 41204K, committed 41792K, reserved 1114112K
  class space    used 5282K, committed 5504K, reserved 1048576K
}

