# JRE version: OpenJDK Runtime Environment Temurin-17.0.11+9 (17.0.11+9) (build 17.0.11+9)
# Java VM: OpenJDK 64-Bit Server VM Temurin-17.0.11+9 (17.0.11+9, mixed mode, emulated-client, tiered, compressed oops, compressed class ptrs, g1 gc, windows-amd64)
GC Precious Log:
 CPUs: 4 total, 4 available
 Memory: 8039M
 Large Page Support: Disabled
 NUMA Support: Disabled
 Compressed Oops: Enabled (32-bit)
 Heap Region Size: 1M
 Heap Min Capacity: 8M
 Heap Initial Capacity: 126M
 Heap Max Capacity: 1G
 Pre-touch: Disabled
 Parallel Workers: 4
 Concurrent Workers: 1
 Concurrent Refinement Workers: 4
 Periodic GC: Disabled
Heap:
 garbage-first heap   total 75776K, used 25171K [0x00000000c0000000, 0x0000000100000000)
  region size 1024K, 1 young (1024K), 0 survivors (0K)
 Metaspace       used 40974K, committed 41600K, reserved 1114112K
  class space    used 5236K, committed 5504K, reserved 1048576K
GC Heap History (20 events):
Event: 1618.897 GC heap before
{Heap before GC invocations=161 (full 151):
 garbage-first heap   total 75776K, used 25171K [0x00000000c0000000, 0x0000000100000000)
  region size 1024K, 1 young (1024K), 0 survivors (0K)
 Metaspace       used 40974K, committed 41600K, reserved 1114112K
  class space    used 5236K, committed 5504K, reserved 1048576K
}
Event: 1618.933 GC heap after
{Heap after GC invocations=162 (full 152):
 garbage-first heap   total 75776K, used 25171K [0x00000000c0000000, 0x0000000100000000)
  region size 1024K, 0 young (0K), 0 survivors (0K)
 Metaspace       used 40974K, committed 41600K, reserved 1114112K
  class space    used 5236K, committed 5504K, reserved 1048576K
}
Event: 1629.742 GC heap before
{Heap before GC invocations=162 (full 152):
 garbage-first heap   total 75776K, used 25171K [0x00000000c0000000, 0x0000000100000000)
  region size 1024K, 1 young (1024K), 0 survivors (0K)
 Metaspace       used 40974K, committed 41600K, reserved 1114112K
  class space    used 5236K, committed 5504K, reserved 1048576K
}
Event: 1629.774 GC heap after
{Heap after GC invocations=163 (full 153):
 garbage-first heap   total 75776K, used 25171K [0x00000000c0000000, 0x0000000100000000)
  region size 1024K, 0 young (0K), 0 survivors (0K)
 Metaspace       used 40974K, committed 41600K, reserved 1114112K
  class space    used 5236K, committed 5504K, reserved 1048576K
}
Event: 1640.037 GC heap before
{Heap before GC invocations=163 (full 153):
 garbage-first heap   total 75776K, used 25171K [0x00000000c0000000, 0x0000000100000000)
  region size 1024K, 1 young (1024K), 0 survivors (0K)
 Metaspace       used 40974K, committed 41600K, reserved 1114112K
  class space    used 5236K, committed 5504K, reserved 1048576K
}
Event: 1640.066 GC heap after
{Heap after GC invocations=164 (full 154):
 garbage-first heap   total 75776K, used 25171K [0x00000000c0000000, 0x0000000100000000)
  region size 1024K, 0 young (0K), 0 survivors (0K)
 Metaspace       used 40974K, committed 41600K, reserved 1114112K
  class space    used 5236K, committed 5504K, reserved 1048576K
}
Event: 1652.600 GC heap before
{Heap before GC invocations=164 (full 154):
 garbage-first heap   total 75776K, used 25171K [0x00000000c0000000, 0x0000000100000000)
  region size 1024K, 1 young (1024K), 0 survivors (0K)
 Metaspace       used 40974K, committed 41600K, reserved 1114112K
  class space    used 5236K, committed 5504K, reserved 1048576K
}
Event: 1652.634 GC heap after
{Heap after GC invocations=165 (full 155):
 garbage-first heap   total 75776K, used 25171K [0x00000000c0000000, 0x0000000100000000)
  region size 1024K, 0 young (0K), 0 survivors (0K)
 Metaspace       used 40974K, committed 41600K, reserved 1114112K
  class space    used 5236K, committed 5504K, reserved 1048576K
}
Event: 1662.795 GC heap before
{Heap before GC invocations=165 (full 155):
 garbage-first heap   total 75776K, used 25171K [0x00000000c0000000, 0x0000000100000000)
  region size 1024K, 1 young (1024K), 0 survivors (0K)
 Metaspace       used 40974K, committed 41600K, reserved 1114112K
  class space    used 5236K, committed 5504K, reserved 1048576K
}
Event: 1662.823 GC heap after
{Heap after GC invocations=166 (full 156):
 garbage-first heap   total 75776K, used 25171K [0x00000000c0000000, 0x0000000100000000)
  region size 1024K, 0 young (0K), 0 survivors (0K)
 Metaspace       used 40974K, committed 41600K, reserved 1114112K
  class space    used 5236K, committed 5504K, reserved 1048576K
}
Event: 1673.244 GC heap before
{Heap before GC invocations=166 (full 156):
 garbage-first heap   total 75776K, used 25171K [0x00000000c0000000, 0x0000000100000000)
  region size 1024K, 1 young (1024K), 0 survivors (0K)
 Metaspace       used 40974K, committed 41600K, reserved 1114112K
  class space    used 5236K, committed 5504K, reserved 1048576K
}
Event: 1673.280 GC heap after
{Heap after GC invocations=167 (full 157):
 garbage-first heap   total 75776K, used 25171K [0x00000000c0000000, 0x0000000100000000)
  region size 1024K, 0 young (0K), 0 survivors (0K)
 Metaspace       used 40974K, committed 41600K, reserved 1114112K
  class space    used 5236K, committed 5504K, reserved 1048576K
}
Event: 1685.319 GC heap before
{Heap before GC invocations=167 (full 157):
 garbage-first heap   total 75776K, used 25171K [0x00000000c0000000, 0x0000000100000000)
  region size 1024K, 1 young (1024K), 0 survivors (0K)
 Metaspace       used 40974K, committed 41600K, reserved 1114112K
  class space    used 5236K, committed 5504K, reserved 1048576K
}
Event: 1685.355 GC heap after
{Heap after GC invocations=168 (full 158):
 garbage-first heap   total 75776K, used 25171K [0x00000000c0000000, 0x0000000100000000)
  region size 1024K, 0 young (0K), 0 survivors (0K)
 Metaspace       used 40974K, committed 41600K, reserved 1114112K
  class space    used 5236K, committed 5504K, reserved 1048576K
}
Event: 1696.978 GC heap before
{Heap before GC invocations=168 (full 158):
 garbage-first heap   total 75776K, used 25171K [0x00000000c0000000, 0x0000000100000000)
  region size 1024K, 1 young (1024K), 0 survivors (0K)
 Metaspace       used 40974K, committed 41600K, reserved 1114112K
  class space    used 5236K, committed 5504K, reserved 1048576K
}
Event: 1697.007 GC heap after
{Heap after GC invocations=169 (full 159):
 garbage-first heap   total 75776K, used 25171K [0x00000000c0000000, 0x0000000100000000)
  region size 1024K, 0 young (0K), 0 survivors (0K)
 Metaspace       used 40974K, committed 41600K, reserved 1114112K
  class space    used 5236K, committed 5504K, reserved 1048576K
}
Event: 1714.886 GC heap before
{Heap before GC invocations=169 (full 159):
 garbage-first heap   total 75776K, used 25171K [0x00000000c0000000, 0x0000000100000000)
  region size 1024K, 1 young (1024K), 0 survivors (0K)
 Metaspace       used 40974K, committed 41600K, reserved 1114112K
  class space    used 5236K, committed 5504K, reserved 1048576K
}
Event: 1714.918 GC heap after
{Heap after GC invocations=170 (full 160):
 garbage-first heap   total 75776K, used 25171K [0x00000000c0000000, 0x0000000100000000)
  region size 1024K, 0 young (0K), 0 survivors (0K)
 Metaspace       used 40974K, committed 41600K, reserved 1114112K
  class space    used 5236K, committed 5504K, reserved 1048576K
}
Event: 1725.915 GC heap before
{Heap before GC invocations=170 (full 160):
 garbage-first heap   total 75776K, used 25171K [0x00000000c0000000, 0x0000000100000000)
  region size 1024K, 1 young (1024K), 0 survivors (0K)
 Metaspace       used 40974K, committed 41600K, reserved 1114112K
  class space    used 5236K, committed 5504K, reserved 1048576K
}
Event: 1725.952 GC heap after
{Heap after GC invocations=171 (full 161):
 garbage-first heap   total 75776K, used 25171K [0x00000000c0000000, 0x0000000100000000)
  region size 1024K, 0 young (0K), 0 survivors (0K)
 Metaspace       used 40974K, committed 41600K, reserved 1114112K
  class space    used 5236K, committed 5504K, reserved 1048576K
}

