# JRE version: OpenJDK Runtime Environment Temurin-17.0.11+9 (17.0.11+9) (build 17.0.11+9)
# Java VM: OpenJDK 64-Bit Server VM Temurin-17.0.11+9 (17.0.11+9, mixed mode, emulated-client, tiered, compressed oops, compressed class ptrs, g1 gc, windows-amd64)
GC Precious Log:
 CPUs: 4 total, 4 available
 Memory: 8039M
 Large Page Support: Disabled
 NUMA Support: Disabled
 Compressed Oops: Enabled (32-bit)
 Heap Region Size: 1M
 Heap Min Capacity: 8M
 Heap Initial Capacity: 126M
 Heap Max Capacity: 1G
 Pre-touch: Disabled
 Parallel Workers: 4
 Concurrent Workers: 1
 Concurrent Refinement Workers: 4
 Periodic GC: Disabled
Heap:
 garbage-first heap   total 92160K, used 39595K [0x00000000c0000000, 0x0000000100000000)
  region size 1024K, 1 young (1024K), 0 survivors (0K)
 Metaspace       used 61813K, committed 62272K, reserved 1114112K
  class space    used 7520K, committed 7744K, reserved 1048576K
GC Heap History (20 events):
Event: 6443.047 GC heap before
{Heap before GC invocations=637 (full 614):
 garbage-first heap   total 92160K, used 39592K [0x00000000c0000000, 0x0000000100000000)
  region size 1024K, 1 young (1024K), 0 survivors (0K)
 Metaspace       used 61790K, committed 62272K, reserved 1114112K
  class space    used 7516K, committed 7744K, reserved 1048576K
}
Event: 6443.101 GC heap after
{Heap after GC invocations=638 (full 615):
 garbage-first heap   total 92160K, used 39592K [0x00000000c0000000, 0x0000000100000000)
  region size 1024K, 0 young (0K), 0 survivors (0K)
 Metaspace       used 61790K, committed 62272K, reserved 1114112K
  class space    used 7516K, committed 7744K, reserved 1048576K
}
Event: 6454.348 GC heap before
{Heap before GC invocations=638 (full 615):
 garbage-first heap   total 92160K, used 39592K [0x00000000c0000000, 0x0000000100000000)
  region size 1024K, 1 young (1024K), 0 survivors (0K)
 Metaspace       used 61790K, committed 62272K, reserved 1114112K
  class space    used 7516K, committed 7744K, reserved 1048576K
}
Event: 6454.406 GC heap after
{Heap after GC invocations=639 (full 616):
 garbage-first heap   total 92160K, used 39592K [0x00000000c0000000, 0x0000000100000000)
  region size 1024K, 0 young (0K), 0 survivors (0K)
 Metaspace       used 61790K, committed 62272K, reserved 1114112K
  class space    used 7516K, committed 7744K, reserved 1048576K
}
Event: 6470.617 GC heap before
{Heap before GC invocations=639 (full 616):
 garbage-first heap   total 92160K, used 39592K [0x00000000c0000000, 0x0000000100000000)
  region size 1024K, 1 young (1024K), 0 survivors (0K)
 Metaspace       used 61790K, committed 62272K, reserved 1114112K
  class space    used 7516K, committed 7744K, reserved 1048576K
}
Event: 6470.674 GC heap after
{Heap after GC invocations=640 (full 617):
 garbage-first heap   total 92160K, used 39592K [0x00000000c0000000, 0x0000000100000000)
  region size 1024K, 0 young (0K), 0 survivors (0K)
 Metaspace       used 61790K, committed 62272K, reserved 1114112K
  class space    used 7516K, committed 7744K, reserved 1048576K
}
Event: 6481.331 GC heap before
{Heap before GC invocations=640 (full 617):
 garbage-first heap   total 92160K, used 39592K [0x00000000c0000000, 0x0000000100000000)
  region size 1024K, 1 young (1024K), 0 survivors (0K)
 Metaspace       used 61790K, committed 62272K, reserved 1114112K
  class space    used 7516K, committed 7744K, reserved 1048576K
}
Event: 6481.388 GC heap after
{Heap after GC invocations=641 (full 618):
 garbage-first heap   total 92160K, used 39592K [0x00000000c0000000, 0x0000000100000000)
  region size 1024K, 0 young (0K), 0 survivors (0K)
 Metaspace       used 61790K, committed 62272K, reserved 1114112K
  class space    used 7516K, committed 7744K, reserved 1048576K
}
Event: 6506.295 GC heap before
{Heap before GC invocations=641 (full 618):
 garbage-first heap   total 92160K, used 39592K [0x00000000c0000000, 0x0000000100000000)
  region size 1024K, 1 young (1024K), 0 survivors (0K)
 Metaspace       used 61813K, committed 62272K, reserved 1114112K
  class space    used 7520K, committed 7744K, reserved 1048576K
}
Event: 6506.355 GC heap after
{Heap after GC invocations=642 (full 619):
 garbage-first heap   total 92160K, used 39607K [0x00000000c0000000, 0x0000000100000000)
  region size 1024K, 0 young (0K), 0 survivors (0K)
 Metaspace       used 61813K, committed 62272K, reserved 1114112K
  class space    used 7520K, committed 7744K, reserved 1048576K
}
Event: 6517.163 GC heap before
{Heap before GC invocations=642 (full 619):
 garbage-first heap   total 92160K, used 39607K [0x00000000c0000000, 0x0000000100000000)
  region size 1024K, 1 young (1024K), 0 survivors (0K)
 Metaspace       used 61813K, committed 62272K, reserved 1114112K
  class space    used 7520K, committed 7744K, reserved 1048576K
}
Event: 6517.223 GC heap after
{Heap after GC invocations=643 (full 620):
 garbage-first heap   total 92160K, used 39607K [0x00000000c0000000, 0x0000000100000000)
  region size 1024K, 0 young (0K), 0 survivors (0K)
 Metaspace       used 61813K, committed 62272K, reserved 1114112K
  class space    used 7520K, committed 7744K, reserved 1048576K
}
Event: 6533.636 GC heap before
{Heap before GC invocations=643 (full 620):
 garbage-first heap   total 92160K, used 39607K [0x00000000c0000000, 0x0000000100000000)
  region size 1024K, 1 young (1024K), 0 survivors (0K)
 Metaspace       used 61813K, committed 62272K, reserved 1114112K
  class space    used 7520K, committed 7744K, reserved 1048576K
}
Event: 6533.693 GC heap after
{Heap after GC invocations=644 (full 621):
 garbage-first heap   total 92160K, used 39607K [0x00000000c0000000, 0x0000000100000000)
  region size 1024K, 0 young (0K), 0 survivors (0K)
 Metaspace       used 61813K, committed 62272K, reserved 1114112K
  class space    used 7520K, committed 7744K, reserved 1048576K
}
Event: 6544.137 GC heap before
{Heap before GC invocations=644 (full 621):
 garbage-first heap   total 92160K, used 39607K [0x00000000c0000000, 0x0000000100000000)
  region size 1024K, 1 young (1024K), 0 survivors (0K)
 Metaspace       used 61813K, committed 62272K, reserved 1114112K
  class space    used 7520K, committed 7744K, reserved 1048576K
}
Event: 6544.200 GC heap after
{Heap after GC invocations=645 (full 622):
 garbage-first heap   total 92160K, used 39595K [0x00000000c0000000, 0x0000000100000000)
  region size 1024K, 0 young (0K), 0 survivors (0K)
 Metaspace       used 61813K, committed 62272K, reserved 1114112K
  class space    used 7520K, committed 7744K, reserved 1048576K
}
Event: 6554.777 GC heap before
{Heap before GC invocations=645 (full 622):
 garbage-first heap   total 92160K, used 39595K [0x00000000c0000000, 0x0000000100000000)
  region size 1024K, 1 young (1024K), 0 survivors (0K)
 Metaspace       used 61813K, committed 62272K, reserved 1114112K
  class space    used 7520K, committed 7744K, reserved 1048576K
}
Event: 6554.836 GC heap after
{Heap after GC invocations=646 (full 623):
 garbage-first heap   total 92160K, used 39595K [0x00000000c0000000, 0x0000000100000000)
  region size 1024K, 0 young (0K), 0 survivors (0K)
 Metaspace       used 61813K, committed 62272K, reserved 1114112K
  class space    used 7520K, committed 7744K, reserved 1048576K
}
Event: 6565.293 GC heap before
{Heap before GC invocations=646 (full 623):
 garbage-first heap   total 92160K, used 39595K [0x00000000c0000000, 0x0000000100000000)
  region size 1024K, 1 young (1024K), 0 survivors (0K)
 Metaspace       used 61813K, committed 62272K, reserved 1114112K
  class space    used 7520K, committed 7744K, reserved 1048576K
}
Event: 6565.353 GC heap after
{Heap after GC invocations=647 (full 624):
 garbage-first heap   total 92160K, used 39595K [0x00000000c0000000, 0x0000000100000000)
  region size 1024K, 0 young (0K), 0 survivors (0K)
 Metaspace       used 61813K, committed 62272K, reserved 1114112K
  class space    used 7520K, committed 7744K, reserved 1048576K
}

